  Animation.cpp
  Button.cpp
  Faction.cpp
  GameEngine.cpp
C:\Users\Suvra\OneDrive\Documents\Programming\C++\Terrain_Generation\Terrain_Generation\GameEngine.cpp(39,18): warning C4305: 'argument': truncation from 'double' to 'float'
C:\Users\Suvra\OneDrive\Documents\Programming\C++\Terrain_Generation\Terrain_Generation\GameEngine.cpp(50,22): warning C4244: 'argument': conversion from 'double' to 'float', possible loss of data
  GameHandler.cpp
C:\Users\Suvra\OneDrive\Documents\Programming\C++\Terrain_Generation\Terrain_Generation\GameHandler.cpp(25,24): warning C4267: '=': conversion from 'size_t' to 'int', possible loss of data
C:\Users\Suvra\OneDrive\Documents\Programming\C++\Terrain_Generation\Terrain_Generation\GameHandler.cpp(26,22): warning C4267: '=': conversion from 'size_t' to 'int', possible loss of data
C:\Users\Suvra\OneDrive\Documents\Programming\C++\Terrain_Generation\Terrain_Generation\GameHandler.cpp(60,20): warning C4244: '-=': conversion from 'double' to 'float', possible loss of data
C:\Users\Suvra\OneDrive\Documents\Programming\C++\Terrain_Generation\Terrain_Generation\GameHandler.cpp(64,13): warning C4244: '+=': conversion from 'double' to 'float', possible loss of data
C:\Users\Suvra\OneDrive\Documents\Programming\C++\Terrain_Generation\Terrain_Generation\GameHandler.cpp(79,20): warning C4244: '+=': conversion from 'double' to 'float', possible loss of data
C:\Users\Suvra\OneDrive\Documents\Programming\C++\Terrain_Generation\Terrain_Generation\GameHandler.cpp(84,13): warning C4244: '-=': conversion from 'double' to 'float', possible loss of data
C:\Users\Suvra\OneDrive\Documents\Programming\C++\Terrain_Generation\Terrain_Generation\GameHandler.cpp(99,20): warning C4244: '-=': conversion from 'double' to 'float', possible loss of data
C:\Users\Suvra\OneDrive\Documents\Programming\C++\Terrain_Generation\Terrain_Generation\GameHandler.cpp(103,13): warning C4244: '+=': conversion from 'double' to 'float', possible loss of data
C:\Users\Suvra\OneDrive\Documents\Programming\C++\Terrain_Generation\Terrain_Generation\GameHandler.cpp(116,20): warning C4244: '+=': conversion from 'double' to 'float', possible loss of data
C:\Users\Suvra\OneDrive\Documents\Programming\C++\Terrain_Generation\Terrain_Generation\GameHandler.cpp(118,13): warning C4244: '-=': conversion from 'double' to 'float', possible loss of data
C:\Users\Suvra\OneDrive\Documents\Programming\C++\Terrain_Generation\Terrain_Generation\GameHandler.cpp(223,74): warning C4244: 'argument': conversion from '_Ty2' to 'float', possible loss of data
          with
          [
              _Ty2=int
          ]
C:\Program Files\Microsoft Visual Studio\2022\Community\VC\Tools\MSVC\14.37.32822\include\utility(242,54): warning C4244: 'initializing': conversion from 'double' to '_Ty2', possible loss of data
          with
          [
              _Ty2=int
          ]
C:\Users\Suvra\OneDrive\Documents\Programming\C++\Terrain_Generation\Terrain_Generation\GameHandler.cpp(68,66): message : see reference to function template instantiation 'std::pair<std::pair<Vector2,Vector2>,int>::pair<std::pair<Vector2,Vector2>,double&,0>(_Other1 &&,_Other2) noexcept' being compiled
          with
          [
              _Other1=std::pair<Vector2,Vector2>,
              _Other2=double &
          ]
C:\Users\Suvra\OneDrive\Documents\Programming\C++\Terrain_Generation\Terrain_Generation\GameHandler.cpp(68,22): message : see the first reference to 'std::pair<std::pair<Vector2,Vector2>,int>::pair' in 'GameHandler::load'
  GameMenu.cpp
C:\Users\Suvra\OneDrive\Documents\Programming\C++\Terrain_Generation\Terrain_Generation\GameMenu.cpp(14,17): warning C4244: 'argument': conversion from 'int' to 'float', possible loss of data
  Hud.cpp
C:\Users\Suvra\OneDrive\Documents\Programming\C++\Terrain_Generation\Terrain_Generation\Hud.cpp(11,10): warning C4244: 'initializing': conversion from 'double' to 'float', possible loss of data
C:\Users\Suvra\OneDrive\Documents\Programming\C++\Terrain_Generation\Terrain_Generation\Hud.cpp(82,53): warning C4244: 'argument': conversion from 'float' to 'int', possible loss of data
C:\Users\Suvra\OneDrive\Documents\Programming\C++\Terrain_Generation\Terrain_Generation\Hud.cpp(82,33): warning C4244: 'argument': conversion from 'float' to 'int', possible loss of data
C:\Users\Suvra\OneDrive\Documents\Programming\C++\Terrain_Generation\Terrain_Generation\Hud.cpp(82,18): warning C4244: 'argument': conversion from 'float' to 'int', possible loss of data
C:\Users\Suvra\OneDrive\Documents\Programming\C++\Terrain_Generation\Terrain_Generation\Hud.cpp(211,66): warning C4244: 'argument': conversion from 'float' to 'int', possible loss of data
C:\Users\Suvra\OneDrive\Documents\Programming\C++\Terrain_Generation\Terrain_Generation\Hud.cpp(211,46): warning C4244: 'argument': conversion from 'float' to 'int', possible loss of data
  Main.cpp
  MapGen.cpp
C:\Users\Suvra\OneDrive\Documents\Programming\C++\Terrain_Generation\Terrain_Generation\MapGen.cpp(55,24): warning C4244: 'argument': conversion from 'time_t' to 'unsigned int', possible loss of data
C:\Users\Suvra\OneDrive\Documents\Programming\C++\Terrain_Generation\Terrain_Generation\MapGen.cpp(60,10): warning C4244: 'initializing': conversion from 'double' to 'int', possible loss of data
C:\Users\Suvra\OneDrive\Documents\Programming\C++\Terrain_Generation\Terrain_Generation\MapGen.cpp(216,18): warning C4244: 'argument': conversion from 'time_t' to 'unsigned int', possible loss of data
C:\Users\Suvra\OneDrive\Documents\Programming\C++\Terrain_Generation\Terrain_Generation\MapGen.cpp(291,19): warning C4305: 'initializing': truncation from 'double' to 'float'
C:\Users\Suvra\OneDrive\Documents\Programming\C++\Terrain_Generation\Terrain_Generation\MapGen.cpp(292,16): warning C4305: 'initializing': truncation from 'double' to 'float'
C:\Users\Suvra\OneDrive\Documents\Programming\C++\Terrain_Generation\Terrain_Generation\MapGen.cpp(297,15): warning C4244: 'initializing': conversion from 'double' to 'float', possible loss of data
  Renderer.cpp
C:\Users\Suvra\OneDrive\Documents\Programming\C++\Terrain_Generation\Terrain_Generation\Renderer.cpp(68,11): warning C4244: 'initializing': conversion from 'double' to 'float', possible loss of data
C:\Users\Suvra\OneDrive\Documents\Programming\C++\Terrain_Generation\Terrain_Generation\Renderer.cpp(70,11): warning C4244: 'initializing': conversion from 'double' to 'float', possible loss of data
C:\Users\Suvra\OneDrive\Documents\Programming\C++\Terrain_Generation\Terrain_Generation\Renderer.cpp(106,18): warning C4244: 'initializing': conversion from 'double' to 'float', possible loss of data
  ResourceHandler.cpp
  Settlement.cpp
C:\Users\Suvra\OneDrive\Documents\Programming\C++\Terrain_Generation\Terrain_Generation\Settlement.cpp(54,13): warning C4244: 'return': conversion from 'double' to 'float', possible loss of data
C:\Users\Suvra\OneDrive\Documents\Programming\C++\Terrain_Generation\Terrain_Generation\Settlement.cpp(128,56): warning C4267: '=': conversion from 'size_t' to 'int', possible loss of data
C:\Users\Suvra\OneDrive\Documents\Programming\C++\Terrain_Generation\Terrain_Generation\Settlement.cpp(148,27): warning C4244: '-=': conversion from 'double' to 'float', possible loss of data
  SettlementMenu.cpp
C:\Users\Suvra\OneDrive\Documents\Programming\C++\Terrain_Generation\Terrain_Generation\SettlementMenu.cpp(13,32): warning C4244: '=': conversion from 'int' to 'float', possible loss of data
  Sprite.cpp
C:\Users\Suvra\OneDrive\Documents\Programming\C++\Terrain_Generation\Terrain_Generation\Sprite.cpp(26,20): warning C4244: '=': conversion from 'int' to 'float', possible loss of data
C:\Users\Suvra\OneDrive\Documents\Programming\C++\Terrain_Generation\Terrain_Generation\Sprite.cpp(27,21): warning C4244: '=': conversion from 'int' to 'float', possible loss of data
C:\Users\Suvra\OneDrive\Documents\Programming\C++\Terrain_Generation\Terrain_Generation\Sprite.cpp(43,20): warning C4244: '=': conversion from 'int' to 'float', possible loss of data
C:\Users\Suvra\OneDrive\Documents\Programming\C++\Terrain_Generation\Terrain_Generation\Sprite.cpp(44,21): warning C4244: '=': conversion from 'int' to 'float', possible loss of data
C:\Users\Suvra\OneDrive\Documents\Programming\C++\Terrain_Generation\Terrain_Generation\Sprite.cpp(83,28): warning C4244: '=': conversion from 'double' to 'float', possible loss of data
C:\Users\Suvra\OneDrive\Documents\Programming\C++\Terrain_Generation\Terrain_Generation\Sprite.cpp(84,30): warning C4244: '=': conversion from 'double' to 'float', possible loss of data
C:\Users\Suvra\OneDrive\Documents\Programming\C++\Terrain_Generation\Terrain_Generation\Sprite.cpp(95,28): warning C4244: '=': conversion from 'double' to 'float', possible loss of data
C:\Users\Suvra\OneDrive\Documents\Programming\C++\Terrain_Generation\Terrain_Generation\Sprite.cpp(96,29): warning C4244: '=': conversion from 'double' to 'float', possible loss of data
C:\Users\Suvra\OneDrive\Documents\Programming\C++\Terrain_Generation\Terrain_Generation\Sprite.cpp(130,17): warning C4244: '=': conversion from 'double' to 'float', possible loss of data
C:\Users\Suvra\OneDrive\Documents\Programming\C++\Terrain_Generation\Terrain_Generation\Sprite.cpp(131,17): warning C4244: '=': conversion from 'double' to 'float', possible loss of data
  Tile.cpp
C:\Users\Suvra\OneDrive\Documents\Programming\C++\Terrain_Generation\Terrain_Generation\Tile.cpp(58,20): warning C4838: conversion from 'float' to 'unsigned char' requires a narrowing conversion
C:\Users\Suvra\OneDrive\Documents\Programming\C++\Terrain_Generation\Terrain_Generation\Tile.cpp(58,20): warning C4244: 'initializing': conversion from 'float' to 'unsigned char', possible loss of data
C:\Users\Suvra\OneDrive\Documents\Programming\C++\Terrain_Generation\Terrain_Generation\Tile.cpp(58,26): warning C4838: conversion from 'float' to 'unsigned char' requires a narrowing conversion
C:\Users\Suvra\OneDrive\Documents\Programming\C++\Terrain_Generation\Terrain_Generation\Tile.cpp(58,26): warning C4244: 'initializing': conversion from 'float' to 'unsigned char', possible loss of data
C:\Users\Suvra\OneDrive\Documents\Programming\C++\Terrain_Generation\Terrain_Generation\Tile.cpp(58,32): warning C4838: conversion from 'float' to 'unsigned char' requires a narrowing conversion
C:\Users\Suvra\OneDrive\Documents\Programming\C++\Terrain_Generation\Terrain_Generation\Tile.cpp(58,32): warning C4244: 'initializing': conversion from 'float' to 'unsigned char', possible loss of data
C:\Users\Suvra\OneDrive\Documents\Programming\C++\Terrain_Generation\Terrain_Generation\Tile.cpp(80,18): warning C4267: 'initializing': conversion from 'size_t' to 'int', possible loss of data
C:\Users\Suvra\OneDrive\Documents\Programming\C++\Terrain_Generation\Terrain_Generation\Tile.cpp(81,18): warning C4267: 'initializing': conversion from 'size_t' to 'int', possible loss of data
C:\Users\Suvra\OneDrive\Documents\Programming\C++\Terrain_Generation\Terrain_Generation\Tile.cpp(87,44): warning C4305: 'argument': truncation from 'double' to '_Ty'
          with
          [
              _Ty=float
          ]
C:\Users\Suvra\OneDrive\Documents\Programming\C++\Terrain_Generation\Terrain_Generation\Tile.cpp(145,15): warning C4244: 'initializing': conversion from '_Ty' to 'int', possible loss of data
          with
          [
              _Ty=double
          ]
C:\Users\Suvra\OneDrive\Documents\Programming\C++\Terrain_Generation\Terrain_Generation\Tile.cpp(167,31): warning C4244: '=': conversion from '_Ty' to 'float', possible loss of data
          with
          [
              _Ty=double
          ]
C:\Users\Suvra\OneDrive\Documents\Programming\C++\Terrain_Generation\Terrain_Generation\Tile.cpp(177,34): warning C4244: '=': conversion from '_Ty' to 'float', possible loss of data
          with
          [
              _Ty=double
          ]
C:\Users\Suvra\OneDrive\Documents\Programming\C++\Terrain_Generation\Terrain_Generation\Tile.cpp(186,31): warning C4244: '=': conversion from '_Ty' to 'float', possible loss of data
          with
          [
              _Ty=double
          ]
C:\Users\Suvra\OneDrive\Documents\Programming\C++\Terrain_Generation\Terrain_Generation\Tile.cpp(195,31): warning C4244: '=': conversion from '_Ty' to 'float', possible loss of data
          with
          [
              _Ty=double
          ]
C:\Users\Suvra\OneDrive\Documents\Programming\C++\Terrain_Generation\Terrain_Generation\Tile.cpp(217,22): warning C4305: 'initializing': truncation from 'double' to 'float'
C:\Users\Suvra\OneDrive\Documents\Programming\C++\Terrain_Generation\Terrain_Generation\Tile.cpp(288,16): warning C4244: 'return': conversion from 'double' to 'float', possible loss of data
C:\Users\Suvra\OneDrive\Documents\Programming\C++\Terrain_Generation\Terrain_Generation\Tile.cpp(332,48): warning C4305: 'argument': truncation from 'double' to '_Ty'
          with
          [
              _Ty=float
          ]
C:\Users\Suvra\OneDrive\Documents\Programming\C++\Terrain_Generation\Terrain_Generation\Tile.cpp(332,42): warning C4305: 'argument': truncation from 'double' to '_Ty'
          with
          [
              _Ty=float
          ]
C:\Users\Suvra\OneDrive\Documents\Programming\C++\Terrain_Generation\Terrain_Generation\Tile.cpp(336,15): warning C4305: 'initializing': truncation from 'double' to 'float'
C:\Users\Suvra\OneDrive\Documents\Programming\C++\Terrain_Generation\Terrain_Generation\Tile.cpp(337,22): warning C4305: 'initializing': truncation from 'double' to 'float'
C:\Users\Suvra\OneDrive\Documents\Programming\C++\Terrain_Generation\Terrain_Generation\Tile.cpp(338,16): warning C4305: 'initializing': truncation from 'double' to 'float'
C:\Users\Suvra\OneDrive\Documents\Programming\C++\Terrain_Generation\Terrain_Generation\Tile.cpp(475,26): warning C4244: 'initializing': conversion from '_Ty' to 'float', possible loss of data
          with
          [
              _Ty=double
          ]
C:\Users\Suvra\OneDrive\Documents\Programming\C++\Terrain_Generation\Terrain_Generation\Tile.cpp(480,24): warning C4244: 'initializing': conversion from '_Ty' to 'float', possible loss of data
          with
          [
              _Ty=double
          ]
  Generating code
  Previous IPDB not found, fall back to full compilation.
  All 1149 functions were compiled because no usable IPDB/IOBJ from previous compilation was found.
  Finished generating code
  Terrain_Generation.vcxproj -> C:\Users\Suvra\OneDrive\Documents\Programming\C++\Terrain_Generation\x64\Release\Terrain_Generation.exe
